<?xml version="1.0" encoding="UTF-8"?>
<!-- Generated by org.testng.reporters.JUnitReportReporter -->
<testsuite hostname="DESKTOP-SL3S66O" failures="0" tests="1" name="com.lambdatest.TestNGTodo2" time="5.630" errors="0" timestamp="26 Feb 2023 19:49:40 GMT" skipped="0">
  <testcase classname="com.lambdatest.TestNGTodo2" name="basicTest" time="5.630"/>
</testsuite> <!-- com.lambdatest.TestNGTodo2 -->
