<?xml version="1.0" encoding="UTF-8"?>
<!-- Generated by org.testng.reporters.JUnitReportReporter -->
<testsuite hostname="DESKTOP-SL3S66O" failures="0" tests="1" name="com.lambdatest.TestNGTodo1" time="12.087" errors="0" timestamp="19 Feb 2023 11:57:51 GMT" skipped="0">
  <testcase classname="com.lambdatest.TestNGTodo1" name="basicTest" time="12.087"/>
</testsuite> <!-- com.lambdatest.TestNGTodo1 -->
